#
# A fatal error has been detected by the Java Runtime Environment:
#
#  EXCEPTION_ACCESS_VIOLATION (0xc0000005) at pc=0x5f1945ab, pid=8972, tid=1152
#
# JRE version: Java(TM) SE Runtime Environment (8.0_51-b16) (build 1.8.0_51-b16)
# Java VM: Java HotSpot(TM) Client VM (25.51-b03 mixed mode, sharing windows-x86 )
# Problematic frame:
# V  [jvm.dll+0xd45ab]
#
# Failed to write core dump. Minidumps are not enabled by default on client versions of Windows
#
# If you would like to submit a bug report, please visit:
#   http://bugreport.java.com/bugreport/crash.jsp
#

---------------  T H R E A D  ---------------

Current thread (0x04d9d000):  JavaThread "main" [_thread_in_vm, id=1152, stack(0x04d40000,0x04d90000)]

siginfo: ExceptionCode=0xc0000005, reading address 0x00000000

Registers:
EAX=0x00000000, EBX=0x5d980c3d, ECX=0x04d9d000, EDX=0x0000010b
ESP=0x04d8d970, EBP=0x04d8d990, ESI=0x04d9d000, EDI=0x04d8ecfc
EIP=0x5f1945ab, EFLAGS=0x00010246

Top of Stack: (sp=0x04d8d970)
0x04d8d970:   04d8ecfc 04d8dc68 5d980c3d 04d9d000
0x04d8d980:   04d9d8e8 0000010b 5f3857b8 00000000
0x04d8d990:   04d8ed08 5d611022 04d9d140 00000000
0x04d8d9a0:   5e898040 5d980ca5 00000000 5e898040
0x04d8d9b0:   720f2dc7 04d8ecfc 04d8dc68 04d8d9cc
0x04d8d9c0:   04d8ecfc 5d980c3d 04d8ed08 04d8d9f8
0x04d8d9d0:   72173c0a 5d980c3d 04d8ecfc 00000100
0x04d8d9e0:   04d8da50 721739a2 409c85e3 5ead7dd0 

Instructions: (pc=0x5f1945ab)
0x5f19458b:   f3 ff 83 c4 08 83 7e 04 00 89 75 ec c7 45 f0 00
0x5f19459b:   00 00 00 74 08 8d 4d ec e8 e8 e4 0c 00 8b 45 0c
0x5f1945ab:   8b 00 50 e8 6d d2 f6 ff 8b f8 8b 5f 0c 83 c4 04
0x5f1945bb:   8b cf e8 ae 2b ff ff 50 56 8d 4d fc e8 e4 ce f2 


Register to memory mapping:

EAX=0x00000000 is an unknown value
EBX=0x5d980c3d is an unknown value
ECX=0x04d9d000 is a thread
EDX=0x0000010b is an unknown value
ESP=0x04d8d970 is pointing into the stack for thread: 0x04d9d000
EBP=0x04d8d990 is pointing into the stack for thread: 0x04d9d000
ESI=0x04d9d000 is a thread
EDI=0x04d8ecfc is pointing into the stack for thread: 0x04d9d000


Stack: [0x04d40000,0x04d90000],  sp=0x04d8d970,  free space=310k
Native frames: (J=compiled Java code, j=interpreted, Vv=VM code, C=native code)
V  [jvm.dll+0xd45ab]
C  [opl1260.dll+0x1022]
J 95  ilog.concert.cppimpl.concert_wrapJNI.operator_and(JJ)J (0 bytes) @ 0x04fd38b9 [0x04fd3820+0x99]
J 93 C1 ilog.concert.IloModelerImpl.and(Lilog/concert/IloConstraint;Lilog/concert/IloConstraint;)Lilog/concert/IloAnd; (14 bytes) @ 0x04fd28dc [0x04fd2770+0x16c]
J 177% C1 molecular.structure.generator.v1.pkg0.Experimental_TESTs.main([Ljava/lang/String;)V (3945 bytes) @ 0x04ff1dbc [0x04fe9820+0x859c]
v  ~StubRoutines::call_stub
V  [jvm.dll+0x155dc5]
V  [jvm.dll+0x21b31e]
V  [jvm.dll+0x155e5e]
V  [jvm.dll+0xdad37]
V  [jvm.dll+0xe32df]
C  [java.exe+0x228d]
C  [java.exe+0xae0f]
C  [java.exe+0xae99]
C  [KERNEL32.DLL+0x18654]
C  [ntdll.dll+0x64a77]
C  [ntdll.dll+0x64a47]
C  0x00000000

Java frames: (J=compiled Java code, j=interpreted, Vv=VM code)
J 95  ilog.concert.cppimpl.concert_wrapJNI.operator_and(JJ)J (0 bytes) @ 0x04fd3875 [0x04fd3820+0x55]
J 93 C1 ilog.concert.IloModelerImpl.and(Lilog/concert/IloConstraint;Lilog/concert/IloConstraint;)Lilog/concert/IloAnd; (14 bytes) @ 0x04fd28dc [0x04fd2770+0x16c]
J 177% C1 molecular.structure.generator.v1.pkg0.Experimental_TESTs.main([Ljava/lang/String;)V (3945 bytes) @ 0x04ff1dbc [0x04fe9820+0x859c]
v  ~StubRoutines::call_stub

---------------  P R O C E S S  ---------------

Java Threads: ( => current thread )
  0x04ea8c00 JavaThread "Service Thread" daemon [_thread_blocked, id=5828, stack(0x183b0000,0x18400000)]
  0x04e2b000 JavaThread "C1 CompilerThread0" daemon [_thread_blocked, id=3736, stack(0x18320000,0x18370000)]
  0x04e2a000 JavaThread "Attach Listener" daemon [_thread_blocked, id=224, stack(0x18290000,0x182e0000)]
  0x04e28000 JavaThread "Signal Dispatcher" daemon [_thread_blocked, id=7852, stack(0x18200000,0x18250000)]
  0x04e18c00 JavaThread "Finalizer" daemon [_thread_blocked, id=8332, stack(0x17c10000,0x17c60000)]
  0x04e17800 JavaThread "Reference Handler" daemon [_thread_blocked, id=7088, stack(0x17b80000,0x17bd0000)]
=>0x04d9d000 JavaThread "main" [_thread_in_vm, id=1152, stack(0x04d40000,0x04d90000)]

Other Threads:
  0x04e15400 VMThread [stack: 0x17af0000,0x17b40000] [id=620]
  0x04ebc800 WatcherThread [stack: 0x18440000,0x18490000] [id=1444]

VM state:not at safepoint (normal execution)

VM Mutex/Monitor currently owned by a thread: None

Heap:
 def new generation   total 78656K, used 68552K [0x07000000, 0x0c550000, 0x0c550000)
  eden space 69952K,  98% used [0x07000000, 0x0b2f23e0, 0x0b450000)
  from space 8704K,   0% used [0x0bcd0000, 0x0bcd0000, 0x0c550000)
  to   space 8704K,   0% used [0x0b450000, 0x0b450000, 0x0bcd0000)
 tenured generation   total 174784K, used 117834K [0x0c550000, 0x17000000, 0x17000000)
   the space 174784K,  67% used [0x0c550000, 0x13862920, 0x13862a00, 0x17000000)
 Metaspace       used 1049K, capacity 3170K, committed 3264K, reserved 4480K

Card table byte_map: [0x17000000,0x17090000] byte_map_base: 0x16fc8000

Polling page: 0x04dc0000

CodeCache: size=32768Kb used=1236Kb max_used=1236Kb free=31531Kb
 bounds [0x04f00000, 0x05038000, 0x06f00000]
 total_blobs=382 nmethods=177 adapters=136
 compilation: enabled

Compilation events (10 events):
Event: 1.098 Thread 0x04e2b000  171             ilog.concert.cppimpl.IloExtractable::finalize (5 bytes)
Event: 1.098 Thread 0x04e2b000 nmethod 171 0x04fe65c8 code [0x04fe66d0, 0x04fe676c]
Event: 1.154 Thread 0x04e2b000  172             ilog.concert.cppimpl.IloConstraint::finalize (5 bytes)
Event: 1.154 Thread 0x04e2b000 nmethod 172 0x04fe67c8 code [0x04fe68d0, 0x04fe696c]
Event: 1.164 Thread 0x04e2b000  174             ilog.concert.cppimpl.IloIfThen::finalize (5 bytes)
Event: 1.164 Thread 0x04e2b000 nmethod 174 0x04fe6c48 code [0x04fe6d40, 0x04fe6dcc]
Event: 1.164 Thread 0x04e2b000  175             ilog.concert.cppimpl.IloIfThen::delete (38 bytes)
Event: 1.165 Thread 0x04e2b000 nmethod 175 0x04fe6e48 code [0x04fe6f50, 0x04fe7048]
Event: 1.346 Thread 0x04e2b000  177 % !         molecular.structure.generator.v1.pkg0.Experimental_TESTs::main @ 2553 (3945 bytes)
Event: 1.373 Thread 0x04e2b000 nmethod 177% 0x04fe7348 code [0x04fe9820, 0x05005dd0]

GC Heap History (10 events):
Event: 21.748 GC heap before
{Heap before GC invocations=50 (full 26):
 def new generation   total 78656K, used 69951K [0x07000000, 0x0c550000, 0x0c550000)
  eden space 69952K,  99% used [0x07000000, 0x0b44fff0, 0x0b450000)
  from space 8704K,   0% used [0x0b450000, 0x0b450000, 0x0bcd0000)
  to   space 8704K,   0% used [0x0bcd0000, 0x0bcd0000, 0x0c550000)
 tenured generation   total 174784K, used 121838K [0x0c550000, 0x17000000, 0x17000000)
   the space 174784K,  69% used [0x0c550000, 0x13c4b900, 0x13c4ba00, 0x17000000)
 Metaspace       used 1048K, capacity 3170K, committed 3264K, reserved 4480K
Event: 21.949 GC heap after
Heap after GC invocations=51 (full 27):
 def new generation   total 78656K, used 0K [0x07000000, 0x0c550000, 0x0c550000)
  eden space 69952K,   0% used [0x07000000, 0x07000000, 0x0b450000)
  from space 8704K,   0% used [0x0b450000, 0x0b450000, 0x0bcd0000)
  to   space 8704K,   0% used [0x0bcd0000, 0x0bcd0000, 0x0c550000)
 tenured generation   total 174784K, used 116230K [0x0c550000, 0x17000000, 0x17000000)
   the space 174784K,  66% used [0x0c550000, 0x136d1838, 0x136d1a00, 0x17000000)
 Metaspace       used 1048K, capacity 3170K, committed 3264K, reserved 4480K
}
Event: 22.575 GC heap before
{Heap before GC invocations=51 (full 27):
 def new generation   total 78656K, used 69952K [0x07000000, 0x0c550000, 0x0c550000)
  eden space 69952K, 100% used [0x07000000, 0x0b450000, 0x0b450000)
  from space 8704K,   0% used [0x0b450000, 0x0b450000, 0x0bcd0000)
  to   space 8704K,   0% used [0x0bcd0000, 0x0bcd0000, 0x0c550000)
 tenured generation   total 174784K, used 116230K [0x0c550000, 0x17000000, 0x17000000)
   the space 174784K,  66% used [0x0c550000, 0x136d1838, 0x136d1a00, 0x17000000)
 Metaspace       used 1048K, capacity 3170K, committed 3264K, reserved 4480K
Event: 22.752 GC heap after
Heap after GC invocations=52 (full 28):
 def new generation   total 78656K, used 0K [0x07000000, 0x0c550000, 0x0c550000)
  eden space 69952K,   0% used [0x07000000, 0x07000000, 0x0b450000)
  from space 8704K,   0% used [0x0b450000, 0x0b450000, 0x0bcd0000)
  to   space 8704K,   0% used [0x0bcd0000, 0x0bcd0000, 0x0c550000)
 tenured generation   total 174784K, used 97830K [0x0c550000, 0x17000000, 0x17000000)
   the space 174784K,  55% used [0x0c550000, 0x124d9aa0, 0x124d9c00, 0x17000000)
 Metaspace       used 1048K, capacity 3170K, committed 3264K, reserved 4480K
}
Event: 23.386 GC heap before
{Heap before GC invocations=52 (full 28):
 def new generation   total 78656K, used 69951K [0x07000000, 0x0c550000, 0x0c550000)
  eden space 69952K,  99% used [0x07000000, 0x0b44fff0, 0x0b450000)
  from space 8704K,   0% used [0x0b450000, 0x0b450000, 0x0bcd0000)
  to   space 8704K,   0% used [0x0bcd0000, 0x0bcd0000, 0x0c550000)
 tenured generation   total 174784K, used 97830K [0x0c550000, 0x17000000, 0x17000000)
   the space 174784K,  55% used [0x0c550000, 0x124d9aa0, 0x124d9c00, 0x17000000)
 Metaspace       used 1048K, capacity 3170K, committed 3264K, reserved 4480K
Event: 23.499 GC heap after
Heap after GC invocations=53 (full 28):
 def new generation   total 78656K, used 8703K [0x07000000, 0x0c550000, 0x0c550000)
  eden space 69952K,   0% used [0x07000000, 0x07000000, 0x0b450000)
  from space 8704K,  99% used [0x0bcd0000, 0x0c54fff0, 0x0c550000)
  to   space 8704K,   0% used [0x0b450000, 0x0b450000, 0x0bcd0000)
 tenured generation   total 174784K, used 158563K [0x0c550000, 0x17000000, 0x17000000)
   the space 174784K,  90% used [0x0c550000, 0x16028c70, 0x16028e00, 0x17000000)
 Metaspace       used 1048K, capacity 3170K, committed 3264K, reserved 4480K
}
Event: 24.099 GC heap before
{Heap before GC invocations=53 (full 28):
 def new generation   total 78656K, used 78655K [0x07000000, 0x0c550000, 0x0c550000)
  eden space 69952K, 100% used [0x07000000, 0x0b450000, 0x0b450000)
  from space 8704K,  99% used [0x0bcd0000, 0x0c54fff0, 0x0c550000)
  to   space 8704K,   0% used [0x0b450000, 0x0b450000, 0x0bcd0000)
 tenured generation   total 174784K, used 158563K [0x0c550000, 0x17000000, 0x17000000)
   the space 174784K,  90% used [0x0c550000, 0x16028c70, 0x16028e00, 0x17000000)
 Metaspace       used 1048K, capacity 3170K, committed 3264K, reserved 4480K
Event: 24.347 GC heap after
Heap after GC invocations=54 (full 29):
 def new generation   total 78656K, used 0K [0x07000000, 0x0c550000, 0x0c550000)
  eden space 69952K,   0% used [0x07000000, 0x07000000, 0x0b450000)
  from space 8704K,   0% used [0x0bcd0000, 0x0bcd0000, 0x0c550000)
  to   space 8704K,   0% used [0x0b450000, 0x0b450000, 0x0bcd0000)
 tenured generation   total 174784K, used 115968K [0x0c550000, 0x17000000, 0x17000000)
   the space 174784K,  66% used [0x0c550000, 0x136901f0, 0x13690200, 0x17000000)
 Metaspace       used 1048K, capacity 3170K, committed 3264K, reserved 4480K
}
Event: 24.999 GC heap before
{Heap before GC invocations=54 (full 29):
 def new generation   total 78656K, used 69951K [0x07000000, 0x0c550000, 0x0c550000)
  eden space 69952K,  99% used [0x07000000, 0x0b44fff0, 0x0b450000)
  from space 8704K,   0% used [0x0bcd0000, 0x0bcd0000, 0x0c550000)
  to   space 8704K,   0% used [0x0b450000, 0x0b450000, 0x0bcd0000)
 tenured generation   total 174784K, used 115968K [0x0c550000, 0x17000000, 0x17000000)
   the space 174784K,  66% used [0x0c550000, 0x136901f0, 0x13690200, 0x17000000)
 Metaspace       used 1048K, capacity 3170K, committed 3264K, reserved 4480K
Event: 25.212 GC heap after
Heap after GC invocations=55 (full 30):
 def new generation   total 78656K, used 0K [0x07000000, 0x0c550000, 0x0c550000)
  eden space 69952K,   0% used [0x07000000, 0x07000000, 0x0b450000)
  from space 8704K,   0% used [0x0bcd0000, 0x0bcd0000, 0x0c550000)
  to   space 8704K,   0% used [0x0b450000, 0x0b450000, 0x0bcd0000)
 tenured generation   total 174784K, used 117834K [0x0c550000, 0x17000000, 0x17000000)
   the space 174784K,  67% used [0x0c550000, 0x13862920, 0x13862a00, 0x17000000)
 Metaspace       used 1048K, capacity 3170K, committed 3264K, reserved 4480K
}

Deoptimization events (0 events):
No events

Internal exceptions (3 events):
Event: 0.019 Thread 0x04d9d000 Exception <a 'java/lang/NoSuchMethodError': Method sun.misc.Unsafe.defineClass(Ljava/lang/String;[BII)Ljava/lang/Class; name or signature does not match> (0x0700cbd0) thrown at [C:\re\workspace\8-2-build-windows-i586-cygwin\jdk8u51\3951\hotspot\src\share\vÈ
|à5“?
Event: 0.019 Thread 0x04d9d000 Exception <a 'java/lang/NoSuchMethodError': Method sun.misc.Unsafe.prefetchRead(Ljava/lang/Object;J)V name or signature does not match> (0x0700ce50) thrown at [C:\re\workspace\8-2-build-windows-i586-cygwin\jdk8u51\3951\hotspot\src\share\vm\prims\jni.cpp, l–é‡=:@
Event: 26.240 Thread 0x04d9d000 Exception <a 'java/lang/OutOfMemoryError': (class: ilog/concert/IloMemoryException) > (0x0b198d88) thrown at [C:\re\workspace\8-2-build-windows-i586-cygwin\jdk8u51\3951\hotspot\src\share\vm\classfile\verifier.cpp, line 267]

Events (10 events):
Event: 22.575 Executing VM operation: GenCollectForAllocation
Event: 22.752 Executing VM operation: GenCollectForAllocation done
Event: 23.386 Executing VM operation: GenCollectForAllocation
Event: 23.499 Executing VM operation: GenCollectForAllocation done
Event: 24.099 Executing VM operation: GenCollectForAllocation
Event: 24.347 Executing VM operation: GenCollectForAllocation done
Event: 24.999 Executing VM operation: GenCollectForAllocation
Event: 25.212 Executing VM operation: GenCollectForAllocation done
Event: 26.211 loading class ilog/concert/IloMemoryException
Event: 26.211 loading class ilog/concert/IloMemoryException done


Dynamic libraries:
0x00bf0000 - 0x00c23000 	C:\Program Files (x86)\Java\jdk1.8.0_51\bin\java.exe
0x77ad0000 - 0x77c5d000 	C:\Windows\SYSTEM32\ntdll.dll
0x766d0000 - 0x767a0000 	C:\Windows\System32\KERNEL32.DLL
0x73d00000 - 0x73d10000 	C:\Program Files\AVAST Software\Avast\x86\aswhook.dll
0x776b0000 - 0x77887000 	C:\Windows\System32\KERNELBASE.dll
0x6cac0000 - 0x6cb5a000 	C:\Windows\SYSTEM32\apphelp.dll
0x77340000 - 0x773b8000 	C:\Windows\System32\ADVAPI32.dll
0x77570000 - 0x7762d000 	C:\Windows\System32\msvcrt.dll
0x76a60000 - 0x76aa3000 	C:\Windows\System32\sechost.dll
0x77920000 - 0x779de000 	C:\Windows\System32\RPCRT4.dll
0x744f0000 - 0x74510000 	C:\Windows\System32\SspiCli.dll
0x744e0000 - 0x744ea000 	C:\Windows\System32\CRYPTBASE.dll
0x75100000 - 0x75157000 	C:\Windows\System32\bcryptPrimitives.dll
0x767d0000 - 0x76945000 	C:\Windows\System32\USER32.dll
0x75010000 - 0x75026000 	C:\Windows\System32\win32u.dll
0x773c0000 - 0x773e2000 	C:\Windows\System32\GDI32.dll
0x770e0000 - 0x7723e000 	C:\Windows\System32\gdi32full.dll
0x769e0000 - 0x76a5c000 	C:\Windows\System32\msvcp_win.dll
0x77440000 - 0x77557000 	C:\Windows\System32\ucrtbase.dll
0x6ce30000 - 0x6d041000 	C:\Windows\WinSxS\x86_microsoft.windows.common-controls_6595b64144ccf1df_6.0.16299.192_none_5d760485a7e0eb41\COMCTL32.dll
0x74510000 - 0x74756000 	C:\Windows\System32\combase.dll
0x767a0000 - 0x767c5000 	C:\Windows\System32\IMM32.DLL
0x720f0000 - 0x721af000 	C:\Program Files (x86)\Java\jdk1.8.0_51\jre\bin\msvcr100.dll
0x5f0c0000 - 0x5f480000 	C:\Program Files (x86)\Java\jdk1.8.0_51\jre\bin\client\jvm.dll
0x76f80000 - 0x76f86000 	C:\Windows\System32\PSAPI.DLL
0x6bd10000 - 0x6bd18000 	C:\Windows\SYSTEM32\WSOCK32.dll
0x75090000 - 0x750f6000 	C:\Windows\System32\WS2_32.dll
0x74150000 - 0x74174000 	C:\Windows\SYSTEM32\WINMM.dll
0x73cf0000 - 0x73cf8000 	C:\Windows\SYSTEM32\VERSION.dll
0x74120000 - 0x74143000 	C:\Windows\SYSTEM32\WINMMBASE.dll
0x74ef0000 - 0x74f28000 	C:\Windows\System32\cfgmgr32.dll
0x73290000 - 0x7329c000 	C:\Program Files (x86)\Java\jdk1.8.0_51\jre\bin\verify.dll
0x720c0000 - 0x720e1000 	C:\Program Files (x86)\Java\jdk1.8.0_51\jre\bin\java.dll
0x720a0000 - 0x720b3000 	C:\Program Files (x86)\Java\jdk1.8.0_51\jre\bin\zip.dll
0x75160000 - 0x76493000 	C:\Windows\System32\SHELL32.dll
0x779e0000 - 0x77a68000 	C:\Windows\System32\shcore.dll
0x74920000 - 0x74ee6000 	C:\Windows\System32\windows.storage.dll
0x76ab0000 - 0x76af5000 	C:\Windows\System32\shlwapi.dll
0x74910000 - 0x7491e000 	C:\Windows\System32\kernel.appcore.dll
0x76b00000 - 0x76b45000 	C:\Windows\System32\powrprof.dll
0x77630000 - 0x77644000 	C:\Windows\System32\profapi.dll
0x5d610000 - 0x5f0b5000 	C:\Users\Omrani\Documents\Netbeans Projects\CP-MolGen-master\DLL\opl1260.dll
0x77240000 - 0x77337000 	C:\Windows\System32\ole32.dll
0x76630000 - 0x766c3000 	C:\Windows\System32\OLEAUT32.dll
0x5c8f0000 - 0x5d604000 	C:\Program Files (x86)\IBM\ILOG\CPLEX_Studio_Preview126\opl\bin\x86_win32\cplex1260.dll
0x71e70000 - 0x71eae000 	C:\Program Files (x86)\IBM\ILOG\CPLEX_Studio_Preview126\opl\bin\x86_win32\dbkernel.dll
0x73280000 - 0x73286000 	C:\Program Files (x86)\IBM\ILOG\CPLEX_Studio_Preview126\opl\bin\x86_win32\dblnkdyn.dll
0x5c750000 - 0x5c8ec000 	C:\Program Files (x86)\IBM\ILOG\CPLEX_Studio_Preview126\opl\bin\x86_win32\icuin48.dll
0x5c610000 - 0x5c74d000 	C:\Program Files (x86)\IBM\ILOG\CPLEX_Studio_Preview126\opl\bin\x86_win32\icuuc48.dll
0x6bc20000 - 0x6bc89000 	C:\Windows\SYSTEM32\MSVCP100.dll
0x6ca60000 - 0x6cab8000 	C:\Program Files (x86)\IBM\ILOG\CPLEX_Studio_Preview126\opl\bin\x86_win32\ilog.dll
0x186a0000 - 0x18720000 	C:\Program Files (x86)\IBM\ILOG\CPLEX_Studio_Preview126\opl\bin\x86_win32\oplnl112.6.0.dll
0x18aa0000 - 0x19c10000 	C:\Program Files (x86)\IBM\ILOG\CPLEX_Studio_Preview126\opl\bin\x86_win32\icudt48.dll

VM Arguments:
jvm_args: -Dfile.encoding=UTF-8 -Djava.library.path=DLL 
java_command: molecular.structure.generator.v1.pkg0.Experimental_TESTs
java_class_path (initial): C:\Users\Omrani\Documents\Netbeans Projects\CP-MolGen-master\jung2-2_0_1\jung-api-2.0.1.jar;C:\Users\Omrani\Documents\Netbeans Projects\CP-MolGen-master\jung2-2_0_1\collections-generic-4.01.jar;C:\Users\Omrani\Documents\Netbeans Projects\CP-MolGen-master\jung2-2_0_1\colt-1.2.0.jar;C:\Users\Omrani\Documents\Netbeans Projects\CP-MolGen-master\jung2-2_0_1\concurrent-1.3.4.jar;C:\Users\Omrani\Documents\Netbeans Projects\CP-MolGen-master\jung2-2_0_1\j3d-core-1.3.1.jar;C:\Users\Omrani\Documents\Netbeans Projects\CP-MolGen-master\jung2-2_0_1\jung-3d-2.0.1.jar;C:\Users\Omrani\Documents\Netbeans Projects\CP-MolGen-master\jung2-2_0_1\jung-3d-demos-2.0.1.jar;C:\Users\Omrani\Documents\Netbeans Projects\CP-MolGen-master\jung2-2_0_1\jung-algorithms-2.0.1.jar;C:\Users\Omrani\Documents\Netbeans Projects\CP-MolGen-master\jung2-2_0_1\jung-graph-impl-2.0.1.jar;C:\Users\Omrani\Documents\Netbeans Projects\CP-MolGen-master\jung2-2_0_1\jung-io-2.0.1.jar;C:\Users\Omrani\Documents\Netbeans Projects\CP-MolGen-master\jung2-2_0_1\jung-jai-2.0.1.jar;C:\Users\Omrani\Documents\Netbeans Projects\CP-MolGen-master\jung2-2_0_1\jung-jai-samples-2.0.1.jar;C:\Users\Omrani\Documents\Netbeans Projects\CP-MolGen-master\jung2-2_0_1\jung-samples-2.0.1.jar;C:\Users\Omrani\Documents\Netbeans Projects\CP-MolGen-master\jung2-2_0_1\jung-visualization-2.0.1.jar;C:\Users\Omrani\Documents\Netbeans Projects\CP-MolGen-master\jung2-2_0_1\stax-api-1.0.1.jar;C:\Users\Omrani\Documents\Netbeans Projects\CP-MolGen-master\jung2-2_0_1\vecmath-1.3.1.jar;C:\Users\Omrani\Documents\Netbeans Projects\CP-MolGen-master\jung2-2_0_1\wstx-asl-3.2.6.jar;C:\Users\Omrani\Documents\Netbeans Projects\CP-MolGen-master\DLL\oplall.jar;C:\Users\Omrani\Documents\Netbeans Projects\CP-MolGen-master\build\classes
Launcher Type: SUN_STANDARD

Environment Variables:
JAVA_HOME=C:\Program Files (x86)\Java\jdk1.8.0_51
JRE_HOME=C:\Program Files\Java\jre1.8.0_111
PATH=C:\Program Files (x86)\IBM\ILOG\CPLEX_Studio_Preview126\opl\bin\x86_win32;C:\Program Files (x86)\IBM\ILOG\CPLEX_Studio_Preview126\opl\oplide\;C:\Program Files (x86)\IBM\ILOG\CPLEX_Studio_Preview126\cplex\bin\x86_win32;C:\Program Files (x86)\IBM\ILOG\CPLEX_Studio_Preview126\cpoptimizer\bin\x86_win32;C:\Program Files (x86)\Intel\Intel(R) Management Engine Components\iCLS\;C:\Program Files\Intel\Intel(R) Management Engine Components\iCLS\;C:\ProgramData\Oracle\Java\javapath;C:\Program Files (x86)\Common Files\Oracle\Java\javapath;C:\Windows\system32;C:\Windows;C:\Windows\System32\Wbem;C:\Windows\System32\WindowsPowerShell\v1.0\;C:\Program Files\Git\cmd;C:\Program Files (x86)\Java\jdk1.8.0_51\bin;C:\Program Files\Java\jre1.8.0_111\bin;C:\Program Files\gradle\bin;C:\Program Files (x86)\PostgreSQL\9.5\bin;C:\Program Files (x86)\Intel\Intel(R) Management Engine Components\DAL;C:\Program Files\Intel\Intel(R) Management Engine Components\DAL;C:\Program Files (x86)\Intel\Intel(R) Management Engine Components\IPT;C:\Program Files\Intel\Intel(R) Management Engine Components\IPT;C:\Program Files\MySQL\MySQL Server 5.7\bin;C:\Program Files\MySQL\MySQL Utilities 1.6\;C:\Program Files\nodejs\;C:\Users\Omrani\AppData\Local\Programs\Python\Python37;C:\Program Files\MiKTeX 2.9\miktex\bin\x64\;C:\Program Files (x86)\Git\cmd;C:\wamp64\bin\php\php7.2.10;C:\composer;C:\Users\Omrani\AppData\Local\Programs\Python\Python37\Scripts;C:\Users\Omrani\AppData\Local\Programs\Python\Python37;C:\Program Files\MongoDB\Server\3.4\bin;C:\Program Files (x86)\Java\jdk1.8.0_51\bin;C:\Users\Omrani\scoop\shims;C:\Users\Omrani\AppData\Local\Microsoft\WindowsApps;;C:\Users\Omrani\AppData\Local\Programs\Microsoft VS Code\bin;C:\Users\Omrani\AppData\Roaming\npm;C:\Users\Omrani\AppData\Roaming\Composer\vendor\bin
USERNAME=Omrani
OS=Windows_NT
PROCESSOR_IDENTIFIER=Intel64 Family 6 Model 142 Stepping 10, GenuineIntel



---------------  S Y S T E M  ---------------

OS: Windows 10.0 , 64 bit Build 16299 (10.0.16299.15)

CPU:total 8 (4 cores per cpu, 2 threads per core) family 6 model 142 stepping 10, cmov, cx8, fxsr, mmx, sse, sse2, sse3, ssse3, sse4.1, sse4.2, popcnt, avx, avx2, aes, clmul, erms, 3dnowpref, lzcnt, ht, tsc, tscinvbit, bmi1, bmi2, adx

Memory: 4k page, physical 8133888k(587488k free), swap 11817512k(1253512k free)

vm_info: Java HotSpot(TM) Client VM (25.51-b03) for windows-x86 JRE (1.8.0_51-b16), built on Jun  8 2015 18:00:23 by "java_re" with MS VC++ 10.0 (VS2010)

time: Wed May 15 01:21:06 2019
elapsed time: 26 seconds (0d 0h 0m 26s)

